<?xml version="1.0" encoding="UTF-8"?>
<!-- Generated by org.testng.reporters.JUnitReportReporter -->
<testsuite hostname="DESKTOP-4AO015I" failures="0" tests="2" name="testcases.Billing_Range" time="57.997" errors="0" timestamp="2025-01-06T18:02:47 IST" skipped="0">
  <testcase classname="testcases.Billing_Range" name="Logintest" time="17.572"/>
  <system-out/>
  <testcase classname="testcases.Billing_Range" name="OPBill_OneMonthRange" time="40.425"/>
  <system-out/>
</testsuite> <!-- testcases.Billing_Range -->
