<?xml version="1.0" encoding="UTF-8"?>
<!-- Generated by org.testng.reporters.JUnitReportReporter -->
<testsuite hostname="DESKTOP-4AO015I" failures="0" tests="2" name="testcases.Billing_New" time="76.478" errors="0" timestamp="2024-11-05T17:54:34 IST" skipped="0">
  <testcase classname="testcases.Billing_New" name="Logintest" time="13.394"/>
  <system-out/>
  <testcase classname="testcases.Billing_New" name="IPBill_ExtraAmount" time="63.084"/>
  <system-out/>
</testsuite> <!-- testcases.Billing_New -->
