<?xml version="1.0" encoding="UTF-8"?>
<!-- Generated by org.testng.reporters.JUnitReportReporter -->
<testsuite hostname="DESKTOP-4AO015I" failures="0" tests="3" name="testcases.SmokeTest" time="29.929" errors="0" timestamp="2024-11-06T12:49:52 IST" skipped="0">
  <testcase classname="testcases.SmokeTest" name="Logintest" time="14.467"/>
  <system-out/>
  <testcase classname="testcases.SmokeTest" name="PatientRegistration" time="12.215"/>
  <system-out/>
  <testcase classname="testcases.SmokeTest" name="Create_Appointment" time="3.247"/>
  <system-out/>
</testsuite> <!-- testcases.SmokeTest -->
