<?xml version="1.0" encoding="UTF-8"?>
<!-- Generated by org.testng.reporters.JUnitReportReporter -->
<testsuite hostname="DESKTOP-4AO015I" failures="0" tests="2" name="testcases.Practice_1" time="78.622" errors="0" timestamp="2025-01-06T12:49:58 IST" skipped="0">
  <testcase classname="testcases.Practice_1" name="Logintest" time="13.808"/>
  <system-out/>
  <testcase classname="testcases.Practice_1" name="IP_Diagnosis" time="64.814"/>
  <system-out/>
</testsuite> <!-- testcases.Practice_1 -->
