<?xml version="1.0" encoding="UTF-8"?>
<!-- Generated by org.testng.reporters.JUnitReportReporter -->
<testsuite hostname="DESKTOP-4AO015I" failures="0" tests="2" name="testcases.Billing_Flow" time="36.067" errors="0" timestamp="2023-11-23T20:50:33 IST" skipped="0">
  <testcase classname="testcases.Billing_Flow" name="Logintest" time="13.516"/>
  <system-out/>
  <testcase classname="testcases.Billing_Flow" name="OPBill_1MonthRange" time="22.551"/>
  <system-out/>
</testsuite> <!-- testcases.Billing_Flow -->
