<?xml version="1.0" encoding="UTF-8"?>
<!-- Generated by org.testng.reporters.JUnitReportReporter -->
<testsuite hostname="DESKTOP-4AO015I" failures="0" tests="1" name="testcases.Mytestcases" time="10.644" errors="0" timestamp="2024-12-31T15:10:14 IST" skipped="0">
  <testcase classname="testcases.Mytestcases" name="Logintest" time="10.644"/>
  <system-out/>
</testsuite> <!-- testcases.Mytestcases -->
