<?xml version="1.0" encoding="UTF-8"?>
<!-- Generated by org.testng.reporters.JUnitReportReporter -->
<testsuite hostname="DESKTOP-4AO015I" failures="0" tests="2" name="testcases.Diagnosis" time="66.548" errors="0" timestamp="2024-12-24T10:12:14 IST" skipped="0">
  <testcase classname="testcases.Diagnosis" name="Logintest" time="19.114"/>
  <system-out/>
  <testcase classname="testcases.Diagnosis" name="OP_Diagnosis" time="47.434"/>
  <system-out/>
</testsuite> <!-- testcases.Diagnosis -->
