<?xml version="1.0" encoding="UTF-8"?>
<!-- Generated by org.testng.reporters.JUnitReportReporter -->
<testsuite hostname="DESKTOP-4AO015I" failures="0" tests="2" name="testcases.Practice_1" time="74.571" errors="0" timestamp="2024-11-07T13:52:09 IST" skipped="0">
  <testcase classname="testcases.Practice_1" name="Logintest" time="13.423"/>
  <system-out/>
  <testcase classname="testcases.Practice_1" name="OPandLabCombined" time="61.148"/>
  <system-out/>
</testsuite> <!-- testcases.Practice_1 -->
