<?xml version="1.0" encoding="UTF-8"?>
<!-- Generated by org.testng.reporters.JUnitReportReporter -->
<testsuite hostname="DESKTOP-4AO015I" failures="0" tests="2" name="testcases.Billing_New" time="50.847" errors="0" timestamp="2025-01-03T18:15:54 IST" skipped="0">
  <testcase classname="testcases.Billing_New" name="Logintest" time="13.477"/>
  <system-out/>
  <testcase classname="testcases.Billing_New" name="OPBill_PartialPayment" time="37.370"/>
  <system-out/>
</testsuite> <!-- testcases.Billing_New -->
