<?xml version="1.0" encoding="UTF-8"?>
<!-- Generated by org.testng.reporters.JUnitReportReporter -->
<testsuite hostname="DESKTOP-4AO015I" failures="0" tests="2" name="testcases.Practice" time="122.953" errors="0" timestamp="2024-08-28T13:30:10 IST" skipped="0">
  <testcase classname="testcases.Practice" name="Logintest" time="35.916"/>
  <system-out/>
  <testcase classname="testcases.Practice" name="IPBill_Add_Delete" time="87.037"/>
  <system-out>
    <![CDATA[STC-1068 : After Paid IP Bill Status : PAID]]>
  </system-out>
</testsuite> <!-- testcases.Practice -->
