<?xml version="1.0" encoding="UTF-8"?>
<!-- Generated by org.testng.reporters.JUnitReportReporter -->
<testsuite hostname="DESKTOP-4AO015I" failures="0" tests="2" name="testcases.Billing_Range" time="93.794" errors="0" timestamp="2024-09-10T17:55:23 IST" skipped="0">
  <testcase classname="testcases.Billing_Range" name="Logintest" time="33.554"/>
  <system-out/>
  <testcase classname="testcases.Billing_Range" name="LabBill_OneMonthRange" time="60.240"/>
  <system-out/>
</testsuite> <!-- testcases.Billing_Range -->
