<?xml version="1.0" encoding="UTF-8"?>
<!-- Generated by org.testng.reporters.JUnitReportReporter -->
<testsuite hostname="DESKTOP-4AO015I" failures="0" tests="2" name="testcases.Pharmacy" time="54.078" errors="0" timestamp="2024-12-18T17:16:47 IST" skipped="0">
  <testcase classname="testcases.Pharmacy" name="Logintest" time="18.499"/>
  <system-out/>
  <testcase classname="testcases.Pharmacy" name="Pharmacy_CreatenewBill_WithUPI_Payment" time="35.579"/>
  <system-out/>
</testsuite> <!-- testcases.Pharmacy -->
