<?xml version="1.0" encoding="UTF-8"?>
<!-- Generated by org.testng.reporters.JUnitReportReporter -->
<testsuite hostname="DESKTOP-4AO015I" failures="0" tests="2" name="testcases.Pharmacy" time="78.774" errors="0" timestamp="2024-11-08T16:22:42 IST" skipped="0">
  <testcase classname="testcases.Pharmacy" name="Logintest" time="13.516"/>
  <system-out/>
  <testcase classname="testcases.Pharmacy" name="OP_Pharmacy" time="65.258"/>
  <system-out/>
</testsuite> <!-- testcases.Pharmacy -->
