<?xml version="1.0" encoding="UTF-8"?>
<!-- Generated by org.testng.reporters.JUnitReportReporter -->
<testsuite hostname="DESKTOP-4AO015I" failures="0" tests="2" name="testcases.Practice" time="110.578" errors="0" timestamp="2024-12-09T11:06:46 IST" skipped="0">
  <testcase classname="testcases.Practice" name="Logintest" time="13.898"/>
  <system-out/>
  <testcase classname="testcases.Practice" name="IPBill_Add_Delete" time="96.680"/>
  <system-out/>
</testsuite> <!-- testcases.Practice -->
